<?xml version="1.0" encoding="UTF-8"?>
<!-- Generated by org.testng.reporters.JUnitReportReporter -->
<testsuite skipped="0" hostname="DESKTOP-95NVFP8" name="gitTest.GitTest2" tests="1" failures="0" timestamp="04 Mar 2018 11:32:12 GMT" time="23.369" errors="0">
  <testcase name="launchUrl" time="23.369" classname="gitTest.GitTest2"/>
</testsuite> <!-- gitTest.GitTest2 -->
