<?xml version="1.0" encoding="UTF-8"?>
<!-- Generated by org.testng.reporters.JUnitReportReporter -->
<testsuite skipped="0" hostname="DESKTOP-95NVFP8" name="gitTest.GitTest" tests="1" failures="0" timestamp="04 Mar 2018 11:50:35 GMT" time="29.145" errors="0">
  <testcase name="launchUrl" time="29.145" classname="gitTest.GitTest"/>
</testsuite> <!-- gitTest.GitTest -->
